Dataset/Injected-Faults/WordPress-Android/WordPress-Android-Defeito-2/WordPress/build/outputs/logs/manifest-merger-wordpress-jalapeno-debug-report.txt
-- Merging decision tree log ---
data
INJECTED from src/main/AndroidManifest.xml:120:17-122:59
	android:scheme
		INJECTED from src/main/AndroidManifest.xml
provider#androidx.core.content.FileProvider
INJECTED from src/main/AndroidManifest.xml:1029:9-1037:20
	android:authorities
		INJECTED from src/main/AndroidManifest.xml
provider#androidx.startup.InitializationProvider
INJECTED from src/main/AndroidManifest.xml:1042:9-1045:35
REJECTED from [androidx.work:work-runtime:2.7.0] AndroidManifest.xml:31:9-39:20
MERGED from [androidx.lifecycle:lifecycle-process:2.4.1] AndroidManifest.xml:26:9-34:20
MERGED from [androidx.lifecycle:lifecycle-process:2.4.1] AndroidManifest.xml:26:9-34:20
MERGED from [androidx.profileinstaller:profileinstaller:1.1.0-beta04] AndroidManifest.xml:26:9-34:20
MERGED from [androidx.profileinstaller:profileinstaller:1.1.0-beta04] AndroidManifest.xml:26:9-34:20
MERGED from [androidx.startup:startup-runtime:1.1.1] AndroidManifest.xml:26:9-30:34
MERGED from [androidx.startup:startup-runtime:1.1.1] AndroidManifest.xml:26:9-30:34
	android:authorities
		INJECTED from src/main/AndroidManifest.xml
	android:exported
		ADDED from [androidx.lifecycle:lifecycle-process:2.4.1] AndroidManifest.xml:29:13-37
manifest
ADDED from src/main/AndroidManifest.xml:2:1-1057:12
INJECTED from src/main/AndroidManifest.xml:2:1-1057:12
INJECTED from src/main/AndroidManifest.xml:2:1-1057:12
INJECTED from src/main/AndroidManifest.xml:2:1-1057:12
MERGED from src/main/AndroidManifest.xml:2:1-1057:12
MERGED from [com.automattic:stories:1.3.0] AndroidManifest.xml:2:1-29:12
MERGED from [:libs:image-editor] AndroidManifest.xml:2:1-16:12
MERGED from [androidx.databinding:viewbinding:7.1.1] AndroidManifest.xml:17:1-24:12
MERGED from [com.facebook.stetho:stetho-okhttp3:1.6.0] AndroidManifest.xml:2:1-13:12
MERGED from [com.facebook.stetho:stetho:1.6.0] AndroidManifest.xml:2:1-13:12
MERGED from [com.automattic:about:0.0.5] AndroidManifest.xml:2:1-11:12
MERGED from [com.automattic.stories:photoeditor:1.3.0] AndroidManifest.xml:2:1-24:12
MERGED from [com.automattic.stories:mp4compose:1.3.0] AndroidManifest.xml:2:1-9:12
MERGED from [org.wordpress:utils:2.5.0] AndroidManifest.xml:2:1-12:12
MERGED from [:libs:editor] AndroidManifest.xml:2:1-15:12
MERGED from [androidx.navigation:navigation-fragment-ktx:2.4.2] AndroidManifest.xml:17:1-24:12
MERGED from [androidx.navigation:navigation-fragment:2.4.2] AndroidManifest.xml:17:1-24:12
MERGED from [androidx.fragment:fragment-ktx:1.4.1] AndroidManifest.xml:17:1-24:12
MERGED from [androidx.compose.ui:ui-tooling:1.0.5] AndroidManifest.xml:17:1-30:12
MERGED from [androidx.navigation:navigation-compose:2.4.0-beta02] AndroidManifest.xml:17:1-24:12
MERGED from [androidx.activity:activity-compose:1.3.1] AndroidManifest.xml:17:1-24:12
MERGED from [androidx.navigation:navigation-ui-ktx:2.4.2] AndroidManifest.xml:17:1-24:12
MERGED from [androidx.navigation:navigation-runtime-ktx:2.4.2] AndroidManifest.xml:17:1-24:12
MERGED from [androidx.navigation:navigation-ui:2.4.2] AndroidManifest.xml:17:1-24:12
MERGED from [androidx.navigation:navigation-runtime:2.4.2] AndroidManifest.xml:17:1-24:12
MERGED from [androidx.activity:activity-ktx:1.3.1] AndroidManifest.xml:17:1-24:12
MERGED from [androidx.navigation:navigation-common-ktx:2.4.2] AndroidManifest.xml:17:1-24:12
MERGED from [androidx.navigation:navigation-common:2.4.2] AndroidManifest.xml:17:1-24:12
MERGED from [androidx.lifecycle:lifecycle-runtime-ktx:2.4.1] AndroidManifest.xml:17:1-24:12
MERGED from [androidx.work:work-runtime-ktx:2.7.0] AndroidManifest.xml:17:1-24:12
MERGED from [androidx.lifecycle:lifecycle-viewmodel-compose:2.4.0-rc01] AndroidManifest.xml:17:1-24:12
MERGED from [androidx.lifecycle:lifecycle-viewmodel-ktx:2.4.1] AndroidManifest.xml:17:1-24:12
MERGED from [org.wordpress:login:0.14.0] AndroidManifest.xml:2:1-9:12
MERGED from [org.wordpress:fluxc:1.46.0] AndroidManifest.xml:2:1-12:12
MERGED from [androidx.room:room-ktx:2.4.2] AndroidManifest.xml:17:1-24:12
MERGED from [org.wordpress-mobile.gutenberg-mobile:react-native-gutenberg-bridge:v1.78.1] AndroidManifest.xml:2:1-31:12
MERGED from [org.wordpress-mobile.gutenberg-mobile:react-native-aztec:v1.78.1] AndroidManifest.xml:17:1-24:12
MERGED from [org.wordpress.aztec:wordpress-shortcodes:v1.5.8] AndroidManifest.xml:2:1-9:12
MERGED from [org.wordpress.aztec:wordpress-comments:v1.5.8] AndroidManifest.xml:2:1-9:12
MERGED from [org.wordpress.aztec:glide-loader:v1.5.8] AndroidManifest.xml:2:1-14:12
MERGED from [org.wordpress:aztec:v1.5.8] AndroidManifest.xml:2:1-9:12
MERGED from [com.google.android.material:compose-theme-adapter:1.1.1] AndroidManifest.xml:17:1-22:12
MERGED from [androidx.compose.ui:ui-tooling-preview:1.0.5] AndroidManifest.xml:17:1-24:12
MERGED from [androidx.compose.ui:ui-tooling-data:1.0.5] AndroidManifest.xml:17:1-24:12
MERGED from [androidx.compose.material:material:1.1.0-beta04] AndroidManifest.xml:17:1-24:12
MERGED from [com.google.accompanist:accompanist-drawablepainter:0.20.2] AndroidManifest.xml:17:1-24:12
MERGED from [androidx.compose.material:material-ripple:1.1.0-beta04] AndroidManifest.xml:17:1-24:12
MERGED from [androidx.compose.foundation:foundation:1.1.0-beta04] AndroidManifest.xml:17:1-24:12
MERGED from [androidx.compose.animation:animation:1.1.0-beta04] AndroidManifest.xml:17:1-24:12
MERGED from [androidx.compose.foundation:foundation-layout:1.1.0-beta04] AndroidManifest.xml:17:1-24:12
MERGED from [androidx.compose.material:material-icons-core:1.1.0-beta04] AndroidManifest.xml:17:1-24:12
MERGED from [androidx.compose.animation:animation-core:1.1.0-beta04] AndroidManifest.xml:17:1-24:12
MERGED from [androidx.compose.ui:ui:1.1.0-beta04] AndroidManifest.xml:17:1-24:12
MERGED from [androidx.compose.ui:ui-text:1.1.0-beta04] AndroidManifest.xml:17:1-24:12
MERGED from [androidx.compose.runtime:runtime-saveable:1.1.0-beta04] AndroidManifest.xml:17:1-24:12
MERGED from [androidx.compose.ui:ui-graphics:1.1.0-beta04] AndroidManifest.xml:17:1-24:12
MERGED from [androidx.compose.ui:ui-unit:1.1.0-beta04] AndroidManifest.xml:17:1-24:12
MERGED from [androidx.compose.ui:ui-geometry:1.1.0-beta04] AndroidManifest.xml:17:1-24:12
MERGED from [androidx.compose.runtime:runtime:1.1.0-beta04] AndroidManifest.xml:17:1-24:12
MERGED from [com.zendesk:support:5.0.2] AndroidManifest.xml:2:1-35:12
MERGED from [androidx.legacy:legacy-support-v13:1.0.0] AndroidManifest.xml:17:1-22:12
MERGED from [com.zendesk:guide:1.0.1] AndroidManifest.xml:2:1-29:12
MERGED from [androidx.legacy:legacy-support-v4:1.0.0] AndroidManifest.xml:17:1-22:12
MERGED from [androidx.gridlayout:gridlayout:1.0.0] AndroidManifest.xml:17:1-22:12
MERGED from [androidx.legacy:legacy-support-core-ui:1.0.0] AndroidManifest.xml:17:1-22:12
MERGED from [androidx.slidingpanelayout:slidingpanelayout:1.2.0] AndroidManifest.xml:17:1-24:12
MERGED from [androidx.window:window:1.0.0] AndroidManifest.xml:17:1-33:12
MERGED from [:libs:analytics] AndroidManifest.xml:2:1-9:12
MERGED from [com.automattic:Automattic-Tracks-Android:2.2.0] AndroidManifest.xml:2:1-19:12
MERGED from [io.sentry:sentry-android-okhttp:5.4.3] AndroidManifest.xml:2:1-9:12
MERGED from [androidx.lifecycle:lifecycle-livedata-ktx:2.4.1] AndroidManifest.xml:17:1-24:12
MERGED from [com.zendesk:support-providers:5.0.2] AndroidManifest.xml:2:1-11:12
MERGED from [com.zendesk:guide-providers:1.0.1] AndroidManifest.xml:2:1-11:12
MERGED from [com.zendesk:core:4.0.2] AndroidManifest.xml:2:1-15:12
MERGED from [org.wordpress-mobile:react-native-svg:9.13.6] AndroidManifest.xml:2:1-9:12
MERGED from [com.github.wordpress-mobile:react-native-video:5.2.0-wp-2] AndroidManifest.xml:2:1-9:12
MERGED from [com.github.wordpress-mobile:react-native-linear-gradient:2.5.6-wp-2] AndroidManifest.xml:2:1-9:12
MERGED from [com.github.wordpress-mobile:react-native-slider:3.0.2-wp-2] AndroidManifest.xml:2:1-9:12
MERGED from [org.wordpress-mobile:react-native-get-random-values:1.4.0] AndroidManifest.xml:2:1-9:12
MERGED from [org.wordpress-mobile:react-native-masked-view:0.2.6] AndroidManifest.xml:2:1-9:12
MERGED from [org.wordpress-mobile:react-native-screens:2.9.0] AndroidManifest.xml:2:1-9:12
MERGED from [org.wordpress-mobile:react-native-safe-area-context:3.2.0] AndroidManifest.xml:2:1-9:12
MERGED from [com.github.wordpress-mobile:react-native-prompt-android:1.0.0-wp-2] AndroidManifest.xml:2:1-9:12
MERGED from [org.wordpress-mobile:react-native-webview:11.6.2] AndroidManifest.xml:2:1-21:12
MERGED from [org.wordpress-mobile:react-native-clipboard:1.9.0] AndroidManifest.xml:2:1-9:12
MERGED from [com.facebook.react:react-native:0.66.2] AndroidManifest.xml:2:1-11:12
MERGED from [io.sentry:sentry-android:5.4.3] AndroidManifest.xml:2:1-11:12
MERGED from [io.sentry:sentry-android-ndk:5.4.3] AndroidManifest.xml:2:1-9:12
MERGED from [io.sentry:sentry-android-core:5.4.3] AndroidManifest.xml:2:1-25:12
MERGED from [androidx.percentlayout:percentlayout:1.0.0] AndroidManifest.xml:17:1-22:12
MERGED from [androidx.swiperefreshlayout:swiperefreshlayout:1.1.0] AndroidManifest.xml:17:1-24:12
MERGED from [androidx.preference:preference:1.1.0] AndroidManifest.xml:17:1-24:12
MERGED from [androidx.work:work-gcm:2.7.0] AndroidManifest.xml:17:1-38:12
MERGED from [androidx.work:work-runtime:2.7.0] AndroidManifest.xml:17:1-145:12
MERGED from [com.google.firebase:firebase-messaging:21.1.0] AndroidManifest.xml:17:1-58:12
MERGED from [androidx.emoji:emoji:1.0.0] AndroidManifest.xml:17:1-22:12
MERGED from [com.google.android.gms:play-services-auth:18.1.0] AndroidManifest.xml:17:1-40:12
MERGED from [com.google.dagger:dagger-android-support:2.41] AndroidManifest.xml:17:1-22:12
MERGED from [com.google.dagger:hilt-android:2.41] AndroidManifest.xml:16:1-19:12
MERGED from [com.zendesk:messaging:5.1.0] AndroidManifest.xml:2:1-17:12
MERGED from [com.zendesk:common-ui:4.0.1] AndroidManifest.xml:2:1-11:12
MERGED from [com.zendesk.belvedere2:belvedere:3.0.0-RC] AndroidManifest.xml:2:1-13:12
MERGED from [com.google.android.material:material:1.6.0-alpha01] AndroidManifest.xml:17:1-24:12
MERGED from [androidx.viewpager2:viewpager2:1.0.0] AndroidManifest.xml:17:1-24:12
MERGED from [com.google.android.gms:play-services-code-scanner:16.0.0-beta1] AndroidManifest.xml:2:1-23:12
MERGED from [com.google.android.gms:play-services-gcm:17.0.0] AndroidManifest.xml:17:1-28:12
MERGED from [com.google.android.gms:play-services-auth-api-phone:17.0.0] AndroidManifest.xml:2:1-7:12
MERGED from [com.google.android.gms:play-services-auth-base:17.0.0] AndroidManifest.xml:2:1-7:12
MERGED from [com.google.mlkit:barcode-scanning-common:17.0.0] AndroidManifest.xml:2:1-7:12
MERGED from [com.google.mlkit:vision-common:17.0.0] AndroidManifest.xml:2:1-18:12
MERGED from [com.google.mlkit:common:18.3.0] AndroidManifest.xml:2:1-26:12
MERGED from [com.google.android.gms:play-services-iid:17.0.0] AndroidManifest.xml:17:1-28:12
MERGED from [com.google.android.gms:play-services-base:18.0.1] AndroidManifest.xml:16:1-24:12
MERGED from [com.google.firebase:firebase-config:19.1.3] AndroidManifest.xml:17:1-38:12
MERGED from [com.google.firebase:firebase-iid:21.1.0] AndroidManifest.xml:17:1-38:12
MERGED from [com.google.android.gms:play-services-cloud-messaging:16.0.0] AndroidManifest.xml:2:1-13:12
MERGED from [com.google.android.gms:play-services-stats:17.0.0] AndroidManifest.xml:2:1-9:12
MERGED from [com.google.firebase:firebase-datatransport:17.0.10] AndroidManifest.xml:15:1-34:12
MERGED from [com.google.firebase:firebase-installations:16.3.5] AndroidManifest.xml:2:1-24:12
MERGED from [com.google.firebase:firebase-abt:19.0.1] AndroidManifest.xml:2:1-19:12
MERGED from [com.google.firebase:firebase-common:19.5.0] AndroidManifest.xml:15:1-49:12
MERGED from [com.google.firebase:firebase-iid-interop:17.1.0] AndroidManifest.xml:2:1-10:12
MERGED from [com.google.firebase:firebase-measurement-connector:18.0.0] AndroidManifest.xml:17:1-25:12
MERGED from [com.google.firebase:firebase-installations-interop:16.0.1] AndroidManifest.xml:15:1-23:12
MERGED from [com.google.android.gms:play-services-tasks:18.0.1] AndroidManifest.xml:2:1-6:12
MERGED from [com.google.android.gms:play-services-basement:18.0.1] AndroidManifest.xml:16:1-26:12
MERGED from [com.github.chrisbanes:PhotoView:2.3.0] AndroidManifest.xml:2:1-11:12
MERGED from [com.airbnb.android:lottie:3.4.0] AndroidManifest.xml:2:1-11:12
MERGED from [androidx.constraintlayout:constraintlayout:2.0.4] AndroidManifest.xml:2:1-11:12
MERGED from [androidx.appcompat:appcompat:1.3.1] AndroidManifest.xml:17:1-24:12
MERGED from [jp.wasabeef:glide-transformations:4.3.0] AndroidManifest.xml:2:1-9:12
MERGED from [com.github.bumptech.glide:glide:4.11.0] AndroidManifest.xml:2:1-12:12
MERGED from [com.zendesk.belvedere2:belvedere-core:3.0.0-RC] AndroidManifest.xml:2:1-24:12
MERGED from [androidx.fragment:fragment:1.4.1] AndroidManifest.xml:17:1-24:12
MERGED from [androidx.core:core-ktx:1.7.0] AndroidManifest.xml:2:1-9:12
MERGED from [androidx.paging:paging-runtime:2.1.2] AndroidManifest.xml:17:1-22:12
MERGED from [com.google.android.exoplayer:exoplayer:2.13.3] AndroidManifest.xml:17:1-24:12
MERGED from [com.google.android.exoplayer:exoplayer-ui:2.13.3] AndroidManifest.xml:17:1-24:12
MERGED from [androidx.recyclerview:recyclerview:1.1.0] AndroidManifest.xml:17:1-24:12
MERGED from [androidx.dynamicanimation:dynamicanimation:1.0.0] AndroidManifest.xml:17:1-22:12
MERGED from [androidx.legacy:legacy-support-core-utils:1.0.0] AndroidManifest.xml:17:1-22:12
MERGED from [androidx.viewpager:viewpager:1.0.0] AndroidManifest.xml:17:1-22:12
MERGED from [androidx.asynclayoutinflater:asynclayoutinflater:1.0.0] AndroidManifest.xml:17:1-22:12
MERGED from [androidx.loader:loader:1.0.0] AndroidManifest.xml:17:1-22:12
MERGED from [androidx.activity:activity:1.3.1] AndroidManifest.xml:17:1-24:12
MERGED from [androidx.media:media:1.2.1] AndroidManifest.xml:17:1-24:12
MERGED from [androidx.appcompat:appcompat-resources:1.3.1] AndroidManifest.xml:17:1-24:12
MERGED from [androidx.vectordrawable:vectordrawable-animated:1.1.0] AndroidManifest.xml:17:1-24:12
MERGED from [androidx.vectordrawable:vectordrawable:1.1.0] AndroidManifest.xml:17:1-24:12
MERGED from [androidx.camera:camera-camera2:1.0.0-alpha06] AndroidManifest.xml:17:1-33:12
MERGED from [androidx.camera:camera-core:1.0.0-alpha06] AndroidManifest.xml:17:1-24:12
MERGED from [androidx.coordinatorlayout:coordinatorlayout:1.1.0] AndroidManifest.xml:17:1-24:12
MERGED from [androidx.drawerlayout:drawerlayout:1.1.1] AndroidManifest.xml:17:1-24:12
MERGED from [androidx.customview:customview:1.1.0] AndroidManifest.xml:17:1-24:12
MERGED from [androidx.autofill:autofill:1.1.0] AndroidManifest.xml:17:1-24:12
MERGED from [com.github.yalantis:ucrop:2.2.4] AndroidManifest.xml:2:1-11:12
MERGED from [androidx.transition:transition:1.4.1] AndroidManifest.xml:17:1-24:12
MERGED from [androidx.core:core:1.7.0] AndroidManifest.xml:17:1-26:12
MERGED from [androidx.multidex:multidex:2.0.1] AndroidManifest.xml:17:1-22:12
MERGED from [com.squareup.picasso:picasso:2.8] AndroidManifest.xml:2:1-14:12
MERGED from [androidx.exifinterface:exifinterface:1.1.0-beta01] AndroidManifest.xml:17:1-24:12
MERGED from [androidx.cardview:cardview:1.0.0] AndroidManifest.xml:17:1-22:12
MERGED from [androidx.lifecycle:lifecycle-process:2.4.1] AndroidManifest.xml:17:1-37:12
MERGED from [com.android.volley:volley:1.2.0] AndroidManifest.xml:2:1-7:12
MERGED from [com.android.installreferrer:installreferrer:2.2] AndroidManifest.xml:2:1-13:12
MERGED from [org.greenrobot:eventbus:3.3.1] AndroidManifest.xml:2:1-9:12
MERGED from [:libs:networking] AndroidManifest.xml:2:1-9:12
MERGED from [com.automattic:rest:1.0.8] AndroidManifest.xml:2:1-13:12
MERGED from [org.wordpress:graphview:3.4.0] AndroidManifest.xml:2:1-11:12
MERGED from [org.wordpress:persistentedittext:1.0.2] AndroidManifest.xml:2:1-11:12
MERGED from [org.wordpress:emailchecker2:1.1.0] AndroidManifest.xml:2:1-15:12
MERGED from [com.facebook.fresco:imagepipeline-okhttp3:2.5.0] AndroidManifest.xml:2:1-9:12
MERGED from [com.google.android.exoplayer:extension-okhttp:2.13.3] AndroidManifest.xml:17:1-24:12
MERGED from [com.facebook.shimmer:shimmer:0.5.0] AndroidManifest.xml:2:1-7:12
MERGED from [com.github.bumptech.glide:volley-integration:4.6.1] AndroidManifest.xml:2:1-16:12
MERGED from [com.github.indexos.media-for-mobile:android:43a9026f0973a2f0a74fa813132f6a16f7499c3a] AndroidManifest.xml:2:1-18:12
MERGED from [:tenor-android-core-jetified:] AndroidManifest.xml:2:1-25:12
MERGED from [com.github.PhilJay:MPAndroidChart:v3.1.0] AndroidManifest.xml:2:1-20:12
MERGED from [androidx.test.uiautomator:uiautomator:2.2.0] AndroidManifest.xml:17:1-24:12
MERGED from [androidx.lifecycle:lifecycle-service:2.1.0] AndroidManifest.xml:17:1-22:12
MERGED from [androidx.lifecycle:lifecycle-runtime:2.4.1] AndroidManifest.xml:17:1-24:12
MERGED from [androidx.interpolator:interpolator:1.0.0] AndroidManifest.xml:17:1-22:12
MERGED from [androidx.cursoradapter:cursoradapter:1.0.0] AndroidManifest.xml:17:1-22:12
MERGED from [androidx.versionedparcelable:versionedparcelable:1.1.1] AndroidManifest.xml:17:1-27:12
MERGED from [androidx.lifecycle:lifecycle-viewmodel-savedstate:2.3.1] AndroidManifest.xml:17:1-24:12
MERGED from [androidx.savedstate:savedstate-ktx:1.1.0] AndroidManifest.xml:17:1-24:12
MERGED from [androidx.savedstate:savedstate:1.1.0] AndroidManifest.xml:17:1-24:12
MERGED from [androidx.lifecycle:lifecycle-viewmodel:2.4.1] AndroidManifest.xml:17:1-24:12
MERGED from [androidx.profileinstaller:profileinstaller:1.1.0-beta04] AndroidManifest.xml:17:1-48:12
MERGED from [androidx.startup:startup-runtime:1.1.1] AndroidManifest.xml:17:1-33:12
MERGED from [com.google.android.datatransport:transport-backend-cct:2.3.3] AndroidManifest.xml:15:1-38:12
MERGED from [com.google.firebase:firebase-components:16.1.0] AndroidManifest.xml:15:1-23:12
MERGED from [com.google.firebase:firebase-encoders-json:17.1.0] AndroidManifest.xml:15:1-23:12
MERGED from [com.google.android.datatransport:transport-runtime:2.2.6] AndroidManifest.xml:15:1-41:12
MERGED from [com.google.android.datatransport:transport-api:2.2.1] AndroidManifest.xml:15:1-22:12
MERGED from [com.google.dagger:dagger-android:2.41] AndroidManifest.xml:17:1-22:12
MERGED from [com.zendesk:messaging-api:5.0.1] AndroidManifest.xml:2:1-11:12
MERGED from [com.zendesk:sdk-configurations:2.0.0] AndroidManifest.xml:2:1-11:12
MERGED from [com.google.android.exoplayer:exoplayer-dash:2.13.3] AndroidManifest.xml:17:1-24:12
MERGED from [com.google.android.exoplayer:exoplayer-hls:2.13.3] AndroidManifest.xml:17:1-24:12
MERGED from [com.google.android.exoplayer:exoplayer-smoothstreaming:2.13.3] AndroidManifest.xml:17:1-24:12
MERGED from [com.google.android.exoplayer:exoplayer-transformer:2.13.3] AndroidManifest.xml:17:1-24:12
MERGED from [com.google.android.exoplayer:exoplayer-core:2.13.3] AndroidManifest.xml:17:1-26:12
MERGED from [androidx.lifecycle:lifecycle-livedata:2.4.1] AndroidManifest.xml:17:1-24:12
MERGED from [androidx.lifecycle:lifecycle-livedata-core-ktx:2.4.1] AndroidManifest.xml:17:1-24:12
MERGED from [androidx.lifecycle:lifecycle-livedata-core:2.4.1] AndroidManifest.xml:17:1-24:12
MERGED from [androidx.room:room-runtime:2.4.2] AndroidManifest.xml:17:1-31:12
MERGED from [androidx.arch.core:core-runtime:2.1.0] AndroidManifest.xml:17:1-24:12
MERGED from [androidx.documentfile:documentfile:1.0.0] AndroidManifest.xml:17:1-22:12
MERGED from [androidx.localbroadcastmanager:localbroadcastmanager:1.0.0] AndroidManifest.xml:17:1-22:12
MERGED from [androidx.print:print:1.0.0] AndroidManifest.xml:17:1-22:12
MERGED from [androidx.tracing:tracing:1.0.0] AndroidManifest.xml:17:1-24:12
MERGED from [androidx.sqlite:sqlite-framework:2.2.0] AndroidManifest.xml:17:1-24:12
MERGED from [androidx.sqlite:sqlite:2.2.0] AndroidManifest.xml:17:1-24:12
MERGED from [com.google.android.exoplayer:exoplayer-extractor:2.13.3] AndroidManifest.xml:17:1-24:12
MERGED from [com.google.android.exoplayer:exoplayer-common:2.13.3] AndroidManifest.xml:17:1-26:12
MERGED from [com.github.bumptech.glide:gifdecoder:4.11.0] AndroidManifest.xml:2:1-11:12
MERGED from [com.facebook.fresco:animated-gif:2.0.0] AndroidManifest.xml:2:1-9:12
MERGED from [com.facebook.fresco:animated-base:2.0.0] AndroidManifest.xml:2:1-9:12
MERGED from [com.facebook.fresco:fresco:2.5.0] AndroidManifest.xml:2:1-9:12
MERGED from [com.facebook.fresco:animated-drawable:2.0.0] AndroidManifest.xml:2:1-9:12
MERGED from [com.facebook.fresco:drawee:2.5.0] AndroidManifest.xml:2:1-9:12
MERGED from [com.facebook.fresco:nativeimagefilters:2.5.0] AndroidManifest.xml:2:1-9:12
MERGED from [com.facebook.fresco:memory-type-native:2.5.0] AndroidManifest.xml:2:1-9:12
MERGED from [com.facebook.fresco:memory-type-java:2.5.0] AndroidManifest.xml:2:1-9:12
MERGED from [com.facebook.fresco:imagepipeline-native:2.5.0] AndroidManifest.xml:2:1-9:12
MERGED from [com.facebook.fresco:memory-type-ashmem:2.5.0] AndroidManifest.xml:2:1-9:12
MERGED from [com.facebook.fresco:imagepipeline:2.5.0] AndroidManifest.xml:2:1-9:12
MERGED from [com.facebook.fresco:nativeimagetranscoder:2.5.0] AndroidManifest.xml:2:1-9:12
MERGED from [com.facebook.fresco:imagepipeline-base:2.5.0] AndroidManifest.xml:2:1-9:12
MERGED from [androidx.compose.ui:ui-util:1.1.0-beta04] AndroidManifest.xml:17:1-24:12
MERGED from [androidx.annotation:annotation-experimental:1.1.0] AndroidManifest.xml:17:1-24:12
MERGED from [com.google.dagger:dagger-lint-aar:2.41] AndroidManifest.xml:16:1-19:12
MERGED from [org.wordpress:wellsql:1.7.0] AndroidManifest.xml:2:1-9:12
MERGED from [com.goterl:lazysodium-android:5.0.2] AndroidManifest.xml:9:1-18:12
MERGED from [net.java.dev.jna:jna:5.5.0] AndroidManifest.xml:2:1-8:12
MERGED from [org.wordpress-mobile:hermes-release-mirror:0.66.2] AndroidManifest.xml:2:1-7:12
MERGED from [com.google.android:flexbox:2.0.1] AndroidManifest.xml:17:1-26:12
MERGED from [com.google.android.odml:image:1.0.0-beta1] AndroidManifest.xml:2:1-9:12
MERGED from [com.facebook.fresco:soloader:2.5.0] AndroidManifest.xml:2:1-9:12
MERGED from [com.facebook.soloader:soloader:0.10.1] AndroidManifest.xml:2:1-13:12
MERGED from [com.facebook.fresco:middleware:2.5.0] AndroidManifest.xml:2:1-9:12
MERGED from [com.facebook.fresco:ui-common:2.5.0] AndroidManifest.xml:2:1-9:12
MERGED from [com.facebook.fresco:fbcore:2.5.0] AndroidManifest.xml:2:1-9:12
INJECTED from src/debug/AndroidManifest.xml:3:1-30:12
INJECTED from src/debug/AndroidManifest.xml:3:1-30:12
INJECTED from src/debug/AndroidManifest.xml:3:1-30:12
	package
		ADDED from src/main/AndroidManifest.xml:2:11-42
		INJECTED from src/main/AndroidManifest.xml
		INJECTED from src/debug/AndroidManifest.xml
	android:versionName
		INJECTED from src/main/AndroidManifest.xml
		ADDED from src/main/AndroidManifest.xml:2:1-1057:12
		INJECTED from src/debug/AndroidManifest.xml
	xmlns:tools
		ADDED from src/main/AndroidManifest.xml:4:5-51
	android:versionCode
		INJECTED from src/main/AndroidManifest.xml
		ADDED from src/main/AndroidManifest.xml:2:1-1057:12
		INJECTED from src/debug/AndroidManifest.xml
	xmlns:android
		ADDED from src/main/AndroidManifest.xml:3:5-63
	android:installLocation
		ADDED from src/main/AndroidManifest.xml:5:5-35
		ADDED from src/main/AndroidManifest.xml:5:5-35
uses-sdk
ADDED from src/main/AndroidManifest.xml:7:5-57
INJECTED from src/main/AndroidManifest.xml:7:5-57
INJECTED from src/main/AndroidManifest.xml:7:5-57
MERGED from [com.automattic:stories:1.3.0] AndroidManifest.xml:5:5-7:41
MERGED from [com.automattic:stories:1.3.0] AndroidManifest.xml:5:5-7:41
MERGED from [:libs:image-editor] AndroidManifest.xml:5:5-7:41
MERGED from [:libs:image-editor] AndroidManifest.xml:5:5-7:41
MERGED from [androidx.databinding:viewbinding:7.1.1] AndroidManifest.xml:20:5-22:41
MERGED from [androidx.databinding:viewbinding:7.1.1] AndroidManifest.xml:20:5-22:41
MERGED from [com.facebook.stetho:stetho-okhttp3:1.6.0] AndroidManifest.xml:7:5-9:41
MERGED from [com.facebook.stetho:stetho-okhttp3:1.6.0] AndroidManifest.xml:7:5-9:41
MERGED from [com.facebook.stetho:stetho:1.6.0] AndroidManifest.xml:7:5-9:41
MERGED from [com.facebook.stetho:stetho:1.6.0] AndroidManifest.xml:7:5-9:41
MERGED from [com.automattic:about:0.0.5] AndroidManifest.xml:5:5-7:41
MERGED from [com.automattic:about:0.0.5] AndroidManifest.xml:5:5-7:41
MERGED from [com.automattic.stories:photoeditor:1.3.0] AndroidManifest.xml:5:5-7:41
MERGED from [com.automattic.stories:photoeditor:1.3.0] AndroidManifest.xml:5:5-7:41
MERGED from [com.automattic.stories:mp4compose:1.3.0] AndroidManifest.xml:5:5-7:41
MERGED from [com.automattic.stories:mp4compose:1.3.0] AndroidManifest.xml:5:5-7:41
MERGED from [org.wordpress:utils:2.5.0] AndroidManifest.xml:5:5-7:41
MERGED from [org.wordpress:utils:2.5.0] AndroidManifest.xml:5:5-7:41
MERGED from [:libs:editor] AndroidManifest.xml:5:5-7:41
MERGED from [:libs:editor] AndroidManifest.xml:5:5-7:41
MERGED from [androidx.navigation:navigation-fragment-ktx:2.4.2] AndroidManifest.xml:20:5-22:41
MERGED from [androidx.navigation:navigation-fragment-ktx:2.4.2] AndroidManifest.xml:20:5-22:41
MERGED from [androidx.navigation:navigation-fragment:2.4.2] AndroidManifest.xml:20:5-22:41
MERGED from [androidx.navigation:navigation-fragment:2.4.2] AndroidManifest.xml:20:5-22:41
MERGED from [androidx.fragment:fragment-ktx:1.4.1] AndroidManifest.xml:20:5-22:41
MERGED from [androidx.fragment:fragment-ktx:1.4.1] AndroidManifest.xml:20:5-22:41
MERGED from [androidx.compose.ui:ui-tooling:1.0.5] AndroidManifest.xml:20:5-22:41
MERGED from [androidx.compose.ui:ui-tooling:1.0.5] AndroidManifest.xml:20:5-22:41
MERGED from [androidx.navigation:navigation-compose:2.4.0-beta02] AndroidManifest.xml:20:5-22:41
MERGED from [androidx.navigation:navigation-compose:2.4.0-beta02] AndroidManifest.xml:20:5-22:41
MERGED from [androidx.activity:activity-compose:1.3.1] AndroidManifest.xml:20:5-22:41
MERGED from [androidx.activity:activity-compose:1.3.1] AndroidManifest.xml:20:5-22:41
MERGED from [androidx.navigation:navigation-ui-ktx:2.4.2] AndroidManifest.xml:20:5-22:41
MERGED from [androidx.navigation:navigation-ui-ktx:2.4.2] AndroidManifest.xml:20:5-22:41
MERGED from [androidx.navigation:navigation-runtime-ktx:2.4.2] AndroidManifest.xml:20:5-22:41
MERGED from [androidx.navigation:navigation-runtime-ktx:2.4.2] AndroidManifest.xml:20:5-22:41
MERGED from [androidx.navigation:navigation-ui:2.4.2] AndroidManifest.xml:20:5-22:41
MERGED from [androidx.navigation:navigation-ui:2.4.2] AndroidManifest.xml:20:5-22:41
MERGED from [androidx.navigation:navigation-runtime:2.4.2] AndroidManifest.xml:20:5-22:41
MERGED from [androidx.navigation:navigation-runtime:2.4.2] AndroidManifest.xml:20:5-22:41
MERGED from [androidx.activity:activity-ktx:1.3.1] AndroidManifest.xml:20:5-22:41
MERGED from [androidx.activity:activity-ktx:1.3.1] AndroidManifest.xml:20:5-22:41
MERGED from [androidx.navigation:navigation-common-ktx:2.4.2] AndroidManifest.xml:20:5-22:41
MERGED from [androidx.navigation:navigation-common-ktx:2.4.2] AndroidManifest.xml:20:5-22:41
MERGED from [androidx.navigation:navigation-common:2.4.2] AndroidManifest.xml:20:5-22:41
MERGED from [androidx.navigation:navigation-common:2.4.2] AndroidManifest.xml:20:5-22:41
MERGED from [androidx.lifecycle:lifecycle-runtime-ktx:2.4.1] AndroidManifest.xml:20:5-22:41
MERGED from [androidx.lifecycle:lifecycle-runtime-ktx:2.4.1] AndroidManifest.xml:20:5-22:41
MERGED from [androidx.work:work-runtime-ktx:2.7.0] AndroidManifest.xml:20:5-22:41
MERGED from [androidx.work:work-runtime-ktx:2.7.0] AndroidManifest.xml:20:5-22:41
MERGED from [androidx.lifecycle:lifecycle-viewmodel-compose:2.4.0-rc01] AndroidManifest.xml:20:5-22:41
MERGED from [androidx.lifecycle:lifecycle-viewmodel-compose:2.4.0-rc01] AndroidManifest.xml:20:5-22:41
MERGED from [androidx.lifecycle:lifecycle-viewmodel-ktx:2.4.1] AndroidManifest.xml:20:5-22:41
MERGED from [androidx.lifecycle:lifecycle-viewmodel-ktx:2.4.1] AndroidManifest.xml:20:5-22:41
MERGED from [org.wordpress:login:0.14.0] AndroidManifest.xml:5:5-7:41
MERGED from [org.wordpress:login:0.14.0] AndroidManifest.xml:5:5-7:41
MERGED from [org.wordpress:fluxc:1.46.0] AndroidManifest.xml:5:5-7:41
MERGED from [org.wordpress:fluxc:1.46.0] AndroidManifest.xml:5:5-7:41
MERGED from [androidx.room:room-ktx:2.4.2] AndroidManifest.xml:20:5-22:41
MERGED from [androidx.room:room-ktx:2.4.2] AndroidManifest.xml:20:5-22:41
MERGED from [org.wordpress-mobile.gutenberg-mobile:react-native-gutenberg-bridge:v1.78.1] AndroidManifest.xml:5:5-7:41
MERGED from [org.wordpress-mobile.gutenberg-mobile:react-native-gutenberg-bridge:v1.78.1] AndroidManifest.xml:5:5-7:41
MERGED from [org.wordpress-mobile.gutenberg-mobile:react-native-aztec:v1.78.1] AndroidManifest.xml:20:5-22:41
MERGED from [org.wordpress-mobile.gutenberg-mobile:react-native-aztec:v1.78.1] AndroidManifest.xml:20:5-22:41
MERGED from [org.wordpress.aztec:wordpress-shortcodes:v1.5.8] AndroidManifest.xml:5:5-7:41
MERGED from [org.wordpress.aztec:wordpress-shortcodes:v1.5.8] AndroidManifest.xml:5:5-7:41
MERGED from [org.wordpress.aztec:wordpress-comments:v1.5.8] AndroidManifest.xml:5:5-7:41
MERGED from [org.wordpress.aztec:wordpress-comments:v1.5.8] AndroidManifest.xml:5:5-7:41
MERGED from [org.wordpress.aztec:glide-loader:v1.5.8] AndroidManifest.xml:5:5-7:41
MERGED from [org.wordpress.aztec:glide-loader:v1.5.8] AndroidManifest.xml:5:5-7:41
MERGED from [org.wordpress:aztec:v1.5.8] AndroidManifest.xml:5:5-7:41
MERGED from [org.wordpress:aztec:v1.5.8] AndroidManifest.xml:5:5-7:41
MERGED from [com.google.android.material:compose-theme-adapter:1.1.1] AndroidManifest.xml:20:5-44
MERGED from [com.google.android.material:compose-theme-adapter:1.1.1] AndroidManifest.xml:20:5-44
MERGED from [androidx.compose.ui:ui-tooling-preview:1.0.5] AndroidManifest.xml:20:5-22:41
MERGED from [androidx.compose.ui:ui-tooling-preview:1.0.5] AndroidManifest.xml:20:5-22:41
MERGED from [androidx.compose.ui:ui-tooling-data:1.0.5] AndroidManifest.xml:20:5-22:41